<?xml version="1.0" encoding="UTF-8"?>
<!-- Generated by org.testng.reporters.JUnitReportReporter -->
<testsuite hostname="DESKTOP-BL08O2D" failures="0" tests="1" name="pom_framework.Runner" time="10.551" errors="0" timestamp="2023-08-23T22:54:38 IST" skipped="0">
  <testcase classname="pom_framework.Runner" name="click" time="10.551"/>
</testsuite> <!-- pom_framework.Runner -->
