<?xml version="1.0" encoding="UTF-8"?>
<!-- Generated by org.testng.reporters.JUnitReportReporter -->
<testsuite hostname="DESKTOP-BL08O2D" failures="0" tests="1" name="qsp1.Runner3" time="13.467" errors="0" timestamp="2023-08-23T11:32:12 IST" skipped="0">
  <testcase classname="qsp1.Runner3" name="test1" time="13.467"/>
</testsuite> <!-- qsp1.Runner3 -->
