<?xml version="1.0" encoding="UTF-8"?>
<!-- Generated by org.testng.reporters.JUnitReportReporter -->
<testsuite hostname="DESKTOP-BL08O2D" failures="0" tests="1" name="asert.Assert_pass" time="9.551" errors="0" timestamp="2023-08-23T11:58:27 IST" skipped="0">
  <testcase classname="asert.Assert_pass" name="test1" time="9.551"/>
</testsuite> <!-- asert.Assert_pass -->
