<?xml version="1.0" encoding="UTF-8"?>
<!-- Generated by org.testng.reporters.JUnitReportReporter -->
<testsuite hostname="DESKTOP-BL08O2D" failures="0" tests="2" name="qsp1.Test2" time="19.710" errors="0" timestamp="2023-08-17T12:24:03 IST" skipped="0">
  <testcase classname="qsp1.Test2" name="sample1" time="12.677"/>
  <testcase classname="qsp1.Test2" name="data2" time="7.033"/>
  <system-out>
    <![CDATA[world
hello
world
hello
hello
world]]>
  </system-out>
</testsuite> <!-- qsp1.Test2 -->
