<?xml version="1.0" encoding="UTF-8"?>
<!-- Generated by org.testng.reporters.JUnitReportReporter -->
<testsuite hostname="DESKTOP-BL08O2D" failures="0" tests="1" name="asert.HndlePartialy_DynamcBy_Assert" time="13.489" errors="0" timestamp="2023-08-23T12:46:08 IST" skipped="0">
  <testcase classname="asert.HndlePartialy_DynamcBy_Assert" name="test1" time="13.489"/>
</testsuite> <!-- asert.HndlePartialy_DynamcBy_Assert -->
