<?xml version="1.0" encoding="UTF-8"?>
<!-- Generated by org.testng.reporters.JUnitReportReporter -->
<testsuite hostname="DESKTOP-BL08O2D" failures="0" tests="2" name="qsp1.PrioritySample" time="0.020" errors="0" timestamp="2023-08-17T12:24:03 IST" skipped="0">
  <testcase classname="qsp1.PrioritySample" name="data2" time="0.016">
    <system-out>
      <![CDATA[world]]>
    </system-out>
  </testcase> <!-- data2 -->
  <testcase classname="qsp1.PrioritySample" name="data1" time="0.004">
    <system-out>
      <![CDATA[hello]]>
    </system-out>
  </testcase> <!-- data1 -->
  <system-out>
    <![CDATA[world
hello
world
hello
hello
world]]>
  </system-out>
</testsuite> <!-- qsp1.PrioritySample -->
