<?xml version="1.0" encoding="UTF-8"?>
<!-- Generated by org.testng.reporters.JUnitReportReporter -->
<testsuite hostname="DESKTOP-BL08O2D" failures="0" tests="1" name="qsp1.sample2$Runner2" time="55.256" errors="0" timestamp="2023-08-21T23:07:31 IST" skipped="0">
  <testcase classname="qsp1.sample2$Runner2" name="test2" time="55.256"/>
</testsuite> <!-- qsp1.sample2$Runner2 -->
