<?xml version="1.0" encoding="UTF-8"?>
<!-- Generated by org.testng.reporters.JUnitReportReporter -->
<testsuite hostname="DESKTOP-BL08O2D" failures="0" tests="1" name="qsp1.Runner_class" time="10.836" errors="0" timestamp="2023-08-24T16:52:48 IST" skipped="0">
  <testcase classname="qsp1.Runner_class" name="test1" time="10.836"/>
</testsuite> <!-- qsp1.Runner_class -->
