<?xml version="1.0" encoding="UTF-8"?>
<!-- Generated by org.testng.reporters.JUnitReportReporter -->
<testsuite hostname="DESKTOP-BL08O2D" failures="0" tests="2" name="qsp1.Runner2" time="57.017" errors="0" timestamp="2023-08-21T22:53:19 IST" skipped="0">
  <testcase classname="qsp1.Runner2" name="test1" time="37.223"/>
  <testcase classname="qsp1.Runner2" name="test2" time="19.794"/>
</testsuite> <!-- qsp1.Runner2 -->
